<?xml version="1.0" encoding="UTF-8"?>
<!-- Generated by org.testng.reporters.JUnitReportReporter -->
<testsuite hostname="DESKTOP-OIDSKCV" failures="0" tests="4" name="com.romanceabroad.ui.RegistrationTests" time="33.953" errors="0" timestamp="2023-10-30T12:27:05 CDT" skipped="0">
  <testcase classname="com.romanceabroad.ui.RegistrationTests" name="testRegistration" time="7.666"/>
  <testcase classname="com.romanceabroad.ui.RegistrationTests" name="testRegistration" time="6.883"/>
  <testcase classname="com.romanceabroad.ui.RegistrationTests" name="testRegistration" time="10.384"/>
  <testcase classname="com.romanceabroad.ui.RegistrationTests" name="testRegistration2" time="9.020"/>
</testsuite> <!-- com.romanceabroad.ui.RegistrationTests -->
