<?xml version="1.0" encoding="UTF-8"?>
<!-- Generated by org.testng.reporters.JUnitReportReporter -->
<testsuite hostname="DESKTOP-OIDSKCV" failures="0" tests="4" name="com.romanceabroad.ui.RegistrationTests" time="34.761" errors="0" timestamp="2023-10-27T08:39:15 CDT" skipped="0">
  <testcase classname="com.romanceabroad.ui.RegistrationTests" name="testRegistration" time="8.117"/>
  <testcase classname="com.romanceabroad.ui.RegistrationTests" name="testRegistration" time="4.911"/>
  <testcase classname="com.romanceabroad.ui.RegistrationTests" name="testRegistration" time="10.102"/>
  <testcase classname="com.romanceabroad.ui.RegistrationTests" name="testRegistration2" time="11.631"/>
</testsuite> <!-- com.romanceabroad.ui.RegistrationTests -->
