<?xml version="1.0" encoding="UTF-8"?>
<!-- Generated by org.testng.reporters.JUnitReportReporter -->
<testsuite hostname="DESKTOP-OIDSKCV" failures="0" tests="12" name="com.romanceabroad.ui.RegistrationTests" time="173.409" errors="0" timestamp="2023-10-19T16:39:45 CDT" skipped="0">
  <testcase classname="com.romanceabroad.ui.RegistrationTests" name="testRegistration" time="14.612"/>
  <testcase classname="com.romanceabroad.ui.RegistrationTests" name="testRegistration" time="17.048"/>
  <testcase classname="com.romanceabroad.ui.RegistrationTests" name="testRegistration" time="21.061"/>
  <testcase classname="com.romanceabroad.ui.RegistrationTests" name="testRegistration2" time="13.970"/>
  <testcase classname="com.romanceabroad.ui.RegistrationTests" name="testRegistration" time="14.065"/>
  <testcase classname="com.romanceabroad.ui.RegistrationTests" name="testRegistration2" time="19.057"/>
  <testcase classname="com.romanceabroad.ui.RegistrationTests" name="testRegistration2" time="9.282"/>
  <testcase classname="com.romanceabroad.ui.RegistrationTests" name="testRegistration" time="11.040"/>
  <testcase classname="com.romanceabroad.ui.RegistrationTests" name="testRegistration" time="11.013"/>
  <testcase classname="com.romanceabroad.ui.RegistrationTests" name="testRegistration2" time="15.368"/>
  <testcase classname="com.romanceabroad.ui.RegistrationTests" name="testRegistration2" time="14.402"/>
  <testcase classname="com.romanceabroad.ui.RegistrationTests" name="testRegistration2" time="12.491"/>
</testsuite> <!-- com.romanceabroad.ui.RegistrationTests -->
