<?xml version="1.0" encoding="UTF-8"?>
<!-- Generated by org.testng.reporters.JUnitReportReporter -->
<testsuite hostname="DESKTOP-OIDSKCV" failures="0" tests="4" name="com.romanceabroad.ui.RegistrationTests" time="35.040" errors="0" timestamp="2023-10-30T12:17:48 CDT" skipped="0">
  <testcase classname="com.romanceabroad.ui.RegistrationTests" name="testRegistration" time="7.282"/>
  <testcase classname="com.romanceabroad.ui.RegistrationTests" name="testRegistration" time="7.621"/>
  <testcase classname="com.romanceabroad.ui.RegistrationTests" name="testRegistration2" time="11.294"/>
  <testcase classname="com.romanceabroad.ui.RegistrationTests" name="testRegistration" time="8.843"/>
</testsuite> <!-- com.romanceabroad.ui.RegistrationTests -->
