<?xml version="1.0" encoding="UTF-8"?>
<!-- Generated by org.testng.reporters.JUnitReportReporter -->
<testsuite hostname="DESKTOP-OIDSKCV" failures="0" tests="4" name="com.romanceabroad.ui.RegistrationTests" time="33.397" errors="0" timestamp="2023-10-30T12:35:20 CDT" skipped="0">
  <testcase classname="com.romanceabroad.ui.RegistrationTests" name="testRegistration2" time="12.295"/>
  <testcase classname="com.romanceabroad.ui.RegistrationTests" name="testRegistration" time="7.763"/>
  <testcase classname="com.romanceabroad.ui.RegistrationTests" name="testRegistration" time="6.609"/>
  <testcase classname="com.romanceabroad.ui.RegistrationTests" name="testRegistration" time="6.730"/>
</testsuite> <!-- com.romanceabroad.ui.RegistrationTests -->
