<?xml version="1.0" encoding="UTF-8"?>
<!-- Generated by org.testng.reporters.JUnitReportReporter -->
<testsuite hostname="DESKTOP-OIDSKCV" failures="0" tests="1" name="com.romanceabroad.ui.GiftTests" time="7.812" errors="0" timestamp="2023-10-30T12:49:48 CDT" skipped="0">
  <testcase classname="com.romanceabroad.ui.GiftTests" name="testGiftsLink" time="7.812"/>
</testsuite> <!-- com.romanceabroad.ui.GiftTests -->
