<?xml version="1.0" encoding="UTF-8"?>
<!-- Generated by org.testng.reporters.JUnitReportReporter -->
<testsuite hostname="DESKTOP-OIDSKCV" failures="0" tests="1" name="com.romanceabroad.ui.SignInTests" time="4.609" errors="0" timestamp="2023-10-30T12:49:48 CDT" skipped="0">
  <testcase classname="com.romanceabroad.ui.SignInTests" name="testSignInTest" time="4.609"/>
</testsuite> <!-- com.romanceabroad.ui.SignInTests -->
