<?xml version="1.0" encoding="UTF-8"?>
<!-- Generated by org.testng.reporters.JUnitReportReporter -->
<testsuite hostname="DESKTOP-OIDSKCV" failures="0" tests="4" name="com.romanceabroad.ui.RegistrationTests" time="32.753" errors="0" timestamp="2023-10-30T12:49:48 CDT" skipped="0">
  <testcase classname="com.romanceabroad.ui.RegistrationTests" name="testRegistration" time="7.175"/>
  <testcase classname="com.romanceabroad.ui.RegistrationTests" name="testRegistration" time="5.847"/>
  <testcase classname="com.romanceabroad.ui.RegistrationTests" name="testRegistration" time="9.048"/>
  <testcase classname="com.romanceabroad.ui.RegistrationTests" name="testRegistration2" time="10.683"/>
</testsuite> <!-- com.romanceabroad.ui.RegistrationTests -->
