<?xml version="1.0" encoding="UTF-8"?>
<!-- Generated by org.testng.reporters.JUnitReportReporter -->
<testsuite hostname="DESKTOP-OIDSKCV" failures="0" tests="4" name="com.romanceabroad.ui.RegistrationTests" time="57.336" errors="0" timestamp="2023-10-31T16:35:36 CDT" skipped="0">
  <testcase classname="com.romanceabroad.ui.RegistrationTests" name="testRegistration2" time="21.481"/>
  <testcase classname="com.romanceabroad.ui.RegistrationTests" name="testRegistration" time="12.025"/>
  <testcase classname="com.romanceabroad.ui.RegistrationTests" name="testRegistration" time="13.769"/>
  <testcase classname="com.romanceabroad.ui.RegistrationTests" name="testRegistration" time="10.061"/>
</testsuite> <!-- com.romanceabroad.ui.RegistrationTests -->
