<?xml version="1.0" encoding="UTF-8"?>
<!-- Generated by org.testng.reporters.JUnitReportReporter -->
<testsuite hostname="DESKTOP-OIDSKCV" failures="0" tests="2" name="com.romanceabroad.ui.BlogTests" time="27.263" errors="0" timestamp="2023-10-31T16:35:36 CDT" skipped="0">
  <testcase classname="com.romanceabroad.ui.BlogTests" name="testBlogLink" time="18.874"/>
  <testcase classname="com.romanceabroad.ui.BlogTests" name="collectAllLinksOfArticles" time="8.389"/>
</testsuite> <!-- com.romanceabroad.ui.BlogTests -->
