<?xml version="1.0" encoding="UTF-8"?>
<!-- Generated by org.testng.reporters.JUnitReportReporter -->
<testsuite hostname="DESKTOP-OIDSKCV" failures="0" tests="2" name="com.romanceabroad.ui.BlogTests" time="22.644" errors="0" timestamp="2023-10-30T14:32:38 CDT" skipped="0">
  <testcase classname="com.romanceabroad.ui.BlogTests" name="testBlogLink" time="14.098"/>
  <testcase classname="com.romanceabroad.ui.BlogTests" name="collectAllLinksOfArticles" time="8.546"/>
</testsuite> <!-- com.romanceabroad.ui.BlogTests -->
