<?xml version="1.0" encoding="UTF-8"?>
<!-- Generated by org.testng.reporters.JUnitReportReporter -->
<testsuite hostname="DESKTOP-OIDSKCV" failures="0" tests="4" name="com.romanceabroad.ui.RegistrationTests" time="38.962" errors="0" timestamp="2023-10-30T14:32:38 CDT" skipped="0">
  <testcase classname="com.romanceabroad.ui.RegistrationTests" name="testRegistration2" time="8.636"/>
  <testcase classname="com.romanceabroad.ui.RegistrationTests" name="testRegistration" time="11.876"/>
  <testcase classname="com.romanceabroad.ui.RegistrationTests" name="testRegistration" time="9.824"/>
  <testcase classname="com.romanceabroad.ui.RegistrationTests" name="testRegistration" time="8.626"/>
</testsuite> <!-- com.romanceabroad.ui.RegistrationTests -->
