<?xml version="1.0" encoding="UTF-8"?>
<!-- Generated by org.testng.reporters.JUnitReportReporter -->
<testsuite hostname="DESKTOP-OIDSKCV" failures="0" tests="1" name="com.romanceabroad.ui.GiftTests" time="12.041" errors="0" timestamp="2023-10-30T14:32:38 CDT" skipped="0">
  <testcase classname="com.romanceabroad.ui.GiftTests" name="testGiftsLink" time="12.041"/>
</testsuite> <!-- com.romanceabroad.ui.GiftTests -->
