<?xml version="1.0" encoding="UTF-8"?>
<!-- Generated by org.testng.reporters.JUnitReportReporter -->
<testsuite hostname="DESKTOP-OIDSKCV" failures="0" tests="4" name="com.romanceabroad.ui.RegistrationTests" time="32.795" errors="0" timestamp="2023-10-30T12:31:55 CDT" skipped="0">
  <testcase classname="com.romanceabroad.ui.RegistrationTests" name="testRegistration" time="9.237"/>
  <testcase classname="com.romanceabroad.ui.RegistrationTests" name="testRegistration" time="7.473"/>
  <testcase classname="com.romanceabroad.ui.RegistrationTests" name="testRegistration2" time="9.118"/>
  <testcase classname="com.romanceabroad.ui.RegistrationTests" name="testRegistration" time="6.967"/>
</testsuite> <!-- com.romanceabroad.ui.RegistrationTests -->
