<?xml version="1.0" encoding="UTF-8"?>
<!-- Generated by org.testng.reporters.JUnitReportReporter -->
<testsuite hostname="DESKTOP-OIDSKCV" failures="0" tests="4" name="com.romanceabroad.ui.RegistrationTests" time="34.680" errors="0" timestamp="2023-10-27T09:52:05 CDT" skipped="0">
  <testcase classname="com.romanceabroad.ui.RegistrationTests" name="testRegistration" time="7.630"/>
  <testcase classname="com.romanceabroad.ui.RegistrationTests" name="testRegistration2" time="12.498"/>
  <testcase classname="com.romanceabroad.ui.RegistrationTests" name="testRegistration" time="8.217"/>
  <testcase classname="com.romanceabroad.ui.RegistrationTests" name="testRegistration" time="6.335"/>
</testsuite> <!-- com.romanceabroad.ui.RegistrationTests -->
