<?xml version="1.0" encoding="UTF-8"?>
<!-- Generated by org.testng.reporters.JUnitReportReporter -->
<testsuite hostname="DESKTOP-OIDSKCV" failures="0" tests="3" name="com.romanceabroad.ui.RegistrationTests" time="26.371" errors="0" timestamp="2023-10-27T09:21:07 CDT" skipped="0">
  <testcase classname="com.romanceabroad.ui.RegistrationTests" name="testRegistration" time="7.044"/>
  <testcase classname="com.romanceabroad.ui.RegistrationTests" name="testRegistration" time="10.199"/>
  <testcase classname="com.romanceabroad.ui.RegistrationTests" name="testRegistration" time="9.128"/>
</testsuite> <!-- com.romanceabroad.ui.RegistrationTests -->
