<?xml version="1.0" encoding="UTF-8"?>
<!-- Generated by org.testng.reporters.JUnitReportReporter -->
<testsuite hostname="DESKTOP-OIDSKCV" failures="0" tests="2" name="com.romanceabroad.ui.BlogTests" time="22.166" errors="0" timestamp="2023-10-30T10:54:21 CDT" skipped="0">
  <testcase classname="com.romanceabroad.ui.BlogTests" name="collectAllLinksOfArticles" time="8.771"/>
  <testcase classname="com.romanceabroad.ui.BlogTests" name="testBlogLink" time="13.395"/>
</testsuite> <!-- com.romanceabroad.ui.BlogTests -->
