<?xml version="1.0" encoding="UTF-8"?>
<!-- Generated by org.testng.reporters.JUnitReportReporter -->
<testsuite hostname="DESKTOP-OIDSKCV" failures="0" tests="1" name="com.romanceabroad.ui.PhotosTests" time="25.190" errors="0" timestamp="2023-10-30T10:54:21 CDT" skipped="0">
  <testcase classname="com.romanceabroad.ui.PhotosTests" name="testMediaPage" time="25.190"/>
</testsuite> <!-- com.romanceabroad.ui.PhotosTests -->
