<?xml version="1.0" encoding="UTF-8"?>
<!-- Generated by org.testng.reporters.JUnitReportReporter -->
<testsuite hostname="DESKTOP-OIDSKCV" failures="0" tests="4" name="com.romanceabroad.ui.RegistrationTests" time="61.738" errors="0" timestamp="2023-10-30T10:54:21 CDT" skipped="0">
  <testcase classname="com.romanceabroad.ui.RegistrationTests" name="testRegistration" time="11.733"/>
  <testcase classname="com.romanceabroad.ui.RegistrationTests" name="testRegistration2" time="23.699"/>
  <testcase classname="com.romanceabroad.ui.RegistrationTests" name="testRegistration" time="15.095"/>
  <testcase classname="com.romanceabroad.ui.RegistrationTests" name="testRegistration" time="11.211"/>
</testsuite> <!-- com.romanceabroad.ui.RegistrationTests -->
