<?xml version="1.0" encoding="UTF-8"?>
<!-- Generated by org.testng.reporters.JUnitReportReporter -->
<testsuite hostname="DESKTOP-OIDSKCV" failures="0" tests="1" name="com.romanceabroad.ui.GiftTests" time="15.225" errors="0" timestamp="2023-10-30T10:54:21 CDT" skipped="0">
  <testcase classname="com.romanceabroad.ui.GiftTests" name="testGiftsLink" time="15.225"/>
</testsuite> <!-- com.romanceabroad.ui.GiftTests -->
