<?xml version="1.0" encoding="UTF-8"?>
<!-- Generated by org.testng.reporters.JUnitReportReporter -->
<testsuite hostname="DESKTOP-OIDSKCV" failures="0" tests="1" name="com.romanceabroad.ui.TourToUkraineTests" time="10.455" errors="0" timestamp="2023-10-30T10:54:21 CDT" skipped="0">
  <testcase classname="com.romanceabroad.ui.TourToUkraineTests" name="testTourToUkraineLink" time="10.455"/>
</testsuite> <!-- com.romanceabroad.ui.TourToUkraineTests -->
