<?xml version="1.0" encoding="UTF-8"?>
<!-- Generated by org.testng.reporters.JUnitReportReporter -->
<testsuite hostname="DESKTOP-OIDSKCV" failures="0" tests="2" name="com.romanceabroad.ui.BlogTests" time="17.438" errors="0" timestamp="2023-10-30T14:38:52 CDT" skipped="0">
  <testcase classname="com.romanceabroad.ui.BlogTests" name="collectAllLinksOfArticles" time="10.390"/>
  <testcase classname="com.romanceabroad.ui.BlogTests" name="testBlogLink" time="7.048"/>
</testsuite> <!-- com.romanceabroad.ui.BlogTests -->
