<?xml version="1.0" encoding="UTF-8"?>
<!-- Generated by org.testng.reporters.JUnitReportReporter -->
<testsuite hostname="DESKTOP-OIDSKCV" failures="0" tests="4" name="com.romanceabroad.ui.RegistrationTests" time="56.357" errors="0" timestamp="2023-10-30T14:38:52 CDT" skipped="0">
  <testcase classname="com.romanceabroad.ui.RegistrationTests" name="testRegistration" time="17.182"/>
  <testcase classname="com.romanceabroad.ui.RegistrationTests" name="testRegistration" time="16.653"/>
  <testcase classname="com.romanceabroad.ui.RegistrationTests" name="testRegistration2" time="12.522"/>
  <testcase classname="com.romanceabroad.ui.RegistrationTests" name="testRegistration" time="10.000"/>
</testsuite> <!-- com.romanceabroad.ui.RegistrationTests -->
