<?xml version="1.0" encoding="UTF-8"?>
<!-- Generated by org.testng.reporters.JUnitReportReporter -->
<testsuite hostname="DESKTOP-OIDSKCV" failures="0" tests="7" name="com.romanceabroad.ui.SearchTests" time="452.277" errors="0" timestamp="2023-10-30T10:24:16 CDT" skipped="0">
  <testcase classname="com.romanceabroad.ui.SearchTests" name="Loops1" time="15.965"/>
  <testcase classname="com.romanceabroad.ui.SearchTests" name="searchDifferentResults13" time="9.846"/>
  <testcase classname="com.romanceabroad.ui.SearchTests" name="searchDifferentResults13" time="77.872"/>
  <testcase classname="com.romanceabroad.ui.SearchTests" name="searchDifferentResults13" time="80.526"/>
  <testcase classname="com.romanceabroad.ui.SearchTests" name="searchDifferentResults13" time="15.477"/>
  <testcase classname="com.romanceabroad.ui.SearchTests" name="testSearchPageTestCase12" time="7.465"/>
  <testcase classname="com.romanceabroad.ui.SearchTests" name="selectRandomDropDownListOnSearchPageTestCase11" time="245.126"/>
</testsuite> <!-- com.romanceabroad.ui.SearchTests -->
