<?xml version="1.0" encoding="UTF-8"?>
<!-- Generated by org.testng.reporters.JUnitReportReporter -->
<testsuite hostname="DESKTOP-OIDSKCV" failures="0" tests="2" name="com.romanceabroad.ui.MainTests" time="22.772" errors="0" timestamp="2023-10-30T10:24:16 CDT" skipped="0">
  <testcase classname="com.romanceabroad.ui.MainTests" name="MainPageTest" time="9.536"/>
  <testcase classname="com.romanceabroad.ui.MainTests" name="testLinksOnMainPage" time="13.236"/>
</testsuite> <!-- com.romanceabroad.ui.MainTests -->
