<?xml version="1.0" encoding="UTF-8"?>
<!-- Generated by org.testng.reporters.JUnitReportReporter -->
<testsuite hostname="DESKTOP-OIDSKCV" failures="0" tests="2" name="com.romanceabroad.ui.BlogTests" time="13.664" errors="0" timestamp="2023-10-30T10:24:16 CDT" skipped="0">
  <testcase classname="com.romanceabroad.ui.BlogTests" name="testBlogLink" time="8.286"/>
  <testcase classname="com.romanceabroad.ui.BlogTests" name="collectAllLinksOfArticles" time="5.378"/>
</testsuite> <!-- com.romanceabroad.ui.BlogTests -->
