<?xml version="1.0" encoding="UTF-8"?>
<!-- Generated by org.testng.reporters.JUnitReportReporter -->
<testsuite hostname="DESKTOP-OIDSKCV" failures="0" tests="4" name="com.romanceabroad.ui.RegistrationTests" time="37.188" errors="0" timestamp="2023-10-30T10:24:16 CDT" skipped="0">
  <testcase classname="com.romanceabroad.ui.RegistrationTests" name="testRegistration" time="9.079"/>
  <testcase classname="com.romanceabroad.ui.RegistrationTests" name="testRegistration" time="6.517"/>
  <testcase classname="com.romanceabroad.ui.RegistrationTests" name="testRegistration" time="9.416"/>
  <testcase classname="com.romanceabroad.ui.RegistrationTests" name="testRegistration2" time="12.176"/>
</testsuite> <!-- com.romanceabroad.ui.RegistrationTests -->
