<?xml version="1.0" encoding="UTF-8"?>
<!-- Generated by org.testng.reporters.JUnitReportReporter -->
<testsuite hostname="DESKTOP-OIDSKCV" failures="0" tests="1" name="com.romanceabroad.ui.HowWeWorkTests" time="12.871" errors="0" timestamp="2023-10-30T10:24:16 CDT" skipped="0">
  <testcase classname="com.romanceabroad.ui.HowWeWorkTests" name="testHowWeWorkLink" time="12.871"/>
</testsuite> <!-- com.romanceabroad.ui.HowWeWorkTests -->
