<?xml version="1.0" encoding="UTF-8"?>
<!-- Generated by org.testng.reporters.JUnitReportReporter -->
<testsuite hostname="DESKTOP-OIDSKCV" failures="0" tests="4" name="com.romanceabroad.ui.RegistrationTests" time="46.052" errors="0" timestamp="2023-10-30T12:20:24 CDT" skipped="0">
  <testcase classname="com.romanceabroad.ui.RegistrationTests" name="testRegistration" time="10.471"/>
  <testcase classname="com.romanceabroad.ui.RegistrationTests" name="testRegistration" time="12.595"/>
  <testcase classname="com.romanceabroad.ui.RegistrationTests" name="testRegistration2" time="16.489"/>
  <testcase classname="com.romanceabroad.ui.RegistrationTests" name="testRegistration" time="6.497"/>
</testsuite> <!-- com.romanceabroad.ui.RegistrationTests -->
